<?xml version="1.0" encoding="UTF-8"?>
<!-- Generated by org.testng.reporters.JUnitXMLReporter -->
<testsuite ignored="0" hostname="LAPTOP-3LQVGTS7" failures="0" tests="4" name="Member1 - Controller Assertions" time="4.68" errors="0" timestamp="2026-03-13T19:14:15 IST">
  <testcase classname="tests.StudentControllerTest" name="testCreateStudent_MalformedJson_Returns400" time="0.069"/>
  <testcase classname="tests.StudentControllerTest" name="testCreateStudent_Returns201AndCorrectBody" time="0.102"/>
  <testcase classname="tests.StudentControllerTest" name="testGetStudent_NotFound_Returns404" time="0.011"/>
  <testcase classname="tests.StudentControllerTest" name="testGetStudent_Returns200" time="0.006"/>
</testsuite> <!-- Member1 - Controller Assertions -->
