<?xml version="1.0" encoding="UTF-8"?>
<!-- Generated by org.testng.reporters.JUnitXMLReporter -->
<testsuite ignored="0" hostname="LAPTOP-3LQVGTS7" failures="0" tests="6" name="Member2 - Service Fixtures" time="0.333" errors="0" timestamp="2026-03-13T19:14:16 IST">
  <testcase classname="tests.StudentServiceTest" name="testCreateStudent" time="0.09"/>
  <testcase classname="tests.StudentServiceTest" name="testCreateStudent" time="0.0"/>
  <testcase classname="tests.StudentServiceTest" name="testCreateStudent" time="0.001"/>
  <testcase classname="tests.StudentServiceTest" name="testGetAllStudents_ReturnsList" time="0.0"/>
  <testcase classname="tests.StudentServiceTest" name="testGetStudentById_Found" time="0.002"/>
  <testcase classname="tests.StudentServiceTest" name="testGetStudentById_NotFound" time="0.0"/>
</testsuite> <!-- Member2 - Service Fixtures -->
