<?xml version="1.0" encoding="UTF-8"?>
<testsuite xmlns:xsi="http://www.w3.org/2001/XMLSchema-instance" xsi:noNamespaceSchemaLocation="https://maven.apache.org/surefire/maven-surefire-plugin/xsd/surefire-test-report-3.0.xsd" version="3.0" name="TestSuite" time="6.747" tests="13" errors="0" skipped="0" failures="0">
  <properties>
[...]
</properties>
  <testcase name="testCreateStudent_MalformedJson_Returns400" classname="tests.StudentControllerTest" time="0.067">
    <system-out><![CDATA[...
... TestNG 7.10.2 by Cédric Beust (cedric@beust.com)
...


  .   ____          _            __ _ _
 /\\ / ___'_ __ _ _(_)_ __  __ _ \ \ \ \
( ( )\___ | '_ | '_| | '_ \/ _` | \ \ \ \
 \\/  ___)| |_)| | | | | || (_| |  ) ) ) )
  '  |____| .__|_| |_|_| |_\__, | / / / /
 =========|_|==============|___/=/_/_/_/

 :: Spring Boot ::                (v3.4.3)

2026-03-13T19:14:11.388+05:30  INFO 3584 --- [se3010-testing] [           main] tests.StudentControllerTest              : Starting StudentControllerTest using Java 21.0.2 with PID 3584 (C:\Users\Layathma Perera\Desktop\SLIIT\SEPQM\SLIIT_SEPQM_Assignment01\se3010-testing\target\test-classes started by Layathma Perera in C:\Users\Layathma Perera\Desktop\SLIIT\SEPQM\SLIIT_SEPQM_Assignment01\se3010-testing)
2026-03-13T19:14:11.388+05:30  INFO 3584 --- [se3010-testing] [           main] tests.StudentControllerTest              : The following 1 profile is active: "test"
2026-03-13T19:14:11.934+05:30  INFO 3584 --- [se3010-testing] [           main] .s.d.r.c.RepositoryConfigurationDelegate : Bootstrapping Spring Data JPA repositories in DEFAULT mode.
2026-03-13T19:14:11.978+05:30  INFO 3584 --- [se3010-testing] [           main] .s.d.r.c.RepositoryConfigurationDelegate : Finished Spring Data repository scanning in 33 ms. Found 1 JPA repository interface.
2026-03-13T19:14:12.426+05:30  INFO 3584 --- [se3010-testing] [           main] o.hibernate.jpa.internal.util.LogHelper  : HHH000204: Processing PersistenceUnitInfo [name: default]
2026-03-13T19:14:12.487+05:30  INFO 3584 --- [se3010-testing] [           main] org.hibernate.Version                    : HHH000412: Hibernate ORM core version 6.6.8.Final
2026-03-13T19:14:12.516+05:30  INFO 3584 --- [se3010-testing] [           main] o.h.c.internal.RegionFactoryInitiator    : HHH000026: Second-level cache disabled
2026-03-13T19:14:12.811+05:30  INFO 3584 --- [se3010-testing] [           main] o.s.o.j.p.SpringPersistenceUnitInfo      : No LoadTimeWeaver setup: ignoring JPA class transformer
2026-03-13T19:14:12.836+05:30  INFO 3584 --- [se3010-testing] [           main] com.zaxxer.hikari.HikariDataSource       : HikariPool-1 - Starting...
2026-03-13T19:14:13.002+05:30  INFO 3584 --- [se3010-testing] [           main] com.zaxxer.hikari.pool.HikariPool        : HikariPool-1 - Added connection conn0: url=jdbc:h2:mem:testdb user=SA
2026-03-13T19:14:13.005+05:30  INFO 3584 --- [se3010-testing] [           main] com.zaxxer.hikari.HikariDataSource       : HikariPool-1 - Start completed.
2026-03-13T19:14:13.039+05:30  WARN 3584 --- [se3010-testing] [           main] org.hibernate.orm.deprecation            : HHH90000025: H2Dialect does not need to be specified explicitly using 'hibernate.dialect' (remove the property setting and it will be selected by default)
2026-03-13T19:14:13.055+05:30  INFO 3584 --- [se3010-testing] [           main] org.hibernate.orm.connections.pooling    : HHH10001005: Database info:
	Database JDBC URL [Connecting through datasource 'HikariDataSource (HikariPool-1)']
	Database driver: undefined/unknown
	Database version: 2.3.232
	Autocommit mode: undefined/unknown
	Isolation level: undefined/unknown
	Minimum pool size: undefined/unknown
	Maximum pool size: undefined/unknown
2026-03-13T19:14:13.605+05:30  INFO 3584 --- [se3010-testing] [           main] o.h.e.t.j.p.i.JtaPlatformInitiator       : HHH000489: No JTA platform available (set 'hibernate.transaction.jta.platform' to enable JTA platform integration)
Hibernate: drop table if exists student cascade 
Hibernate: create table student (age integer not null, id bigint generated by default as identity, course varchar(255), email varchar(255), name varchar(255), primary key (id))
2026-03-13T19:14:13.632+05:30  INFO 3584 --- [se3010-testing] [           main] j.LocalContainerEntityManagerFactoryBean : Initialized JPA EntityManagerFactory for persistence unit 'default'
2026-03-13T19:14:14.455+05:30  WARN 3584 --- [se3010-testing] [           main] JpaBaseConfiguration$JpaWebConfiguration : spring.jpa.open-in-view is enabled by default. Therefore, database queries may be performed during view rendering. Explicitly configure spring.jpa.open-in-view to disable this warning
2026-03-13T19:14:15.039+05:30  INFO 3584 --- [se3010-testing] [           main] o.s.b.t.m.w.SpringBootMockServletContext : Initializing Spring TestDispatcherServlet ''
2026-03-13T19:14:15.039+05:30  INFO 3584 --- [se3010-testing] [           main] o.s.t.web.servlet.TestDispatcherServlet  : Initializing Servlet ''
2026-03-13T19:14:15.039+05:30  INFO 3584 --- [se3010-testing] [           main] o.s.t.web.servlet.TestDispatcherServlet  : Completed initialization in 0 ms
2026-03-13T19:14:15.065+05:30  INFO 3584 --- [se3010-testing] [           main] tests.StudentControllerTest              : Started StudentControllerTest in 3.947 seconds (process running for 5.791)
Hibernate: select s1_0.id,s1_0.age,s1_0.course,s1_0.email,s1_0.name from student s1_0
2026-03-13T19:14:15.586+05:30  WARN 3584 --- [se3010-testing] [           main] .w.s.m.s.DefaultHandlerExceptionResolver : Resolved [org.springframework.http.converter.HttpMessageNotReadableException: JSON parse error: Unexpected character ('i' (code 105)): was expecting double-quote to start field name]
]]></system-out>
    <system-err><![CDATA[WARNING: A Java agent has been loaded dynamically (C:\Users\Layathma Perera\.m2\repository\net\bytebuddy\byte-buddy-agent\1.15.11\byte-buddy-agent-1.15.11.jar)
WARNING: If a serviceability tool is in use, please run with -XX:+EnableDynamicAgentLoading to hide this warning
WARNING: If a serviceability tool is not in use, please run with -Djdk.instrument.traceUsage for more information
WARNING: Dynamic loading of agents will be disallowed by default in a future release
]]></system-err>
  </testcase>
  <testcase name="testCreateStudent_Returns201AndCorrectBody" classname="tests.StudentControllerTest" time="0.103">
    <system-out><![CDATA[Hibernate: select s1_0.id,s1_0.age,s1_0.course,s1_0.email,s1_0.name from student s1_0
Hibernate: select s1_0.id,s1_0.age,s1_0.course,s1_0.email,s1_0.name from student s1_0 where s1_0.email=?
Hibernate: insert into student (age,course,email,name,id) values (?,?,?,?,default)
]]></system-out>
  </testcase>
  <testcase name="testGetStudent_NotFound_Returns404" classname="tests.StudentControllerTest" time="0.01">
    <system-out><![CDATA[Hibernate: select s1_0.id,s1_0.age,s1_0.course,s1_0.email,s1_0.name from student s1_0
Hibernate: delete from student where id=?
Hibernate: select s1_0.id,s1_0.age,s1_0.course,s1_0.email,s1_0.name from student s1_0 where s1_0.id=?
]]></system-out>
  </testcase>
  <testcase name="testGetStudent_Returns200" classname="tests.StudentControllerTest" time="0.005">
    <system-out><![CDATA[Hibernate: select s1_0.id,s1_0.age,s1_0.course,s1_0.email,s1_0.name from student s1_0
Hibernate: insert into student (age,course,email,name,id) values (?,?,?,?,default)
Hibernate: select s1_0.id,s1_0.age,s1_0.course,s1_0.email,s1_0.name from student s1_0 where s1_0.id=?
]]></system-out>
  </testcase>
  <testcase name="testCreateStudent[Alice, alice@test.com, 22, SE3010](1)" classname="tests.StudentServiceTest" time="0.09">
    <system-out><![CDATA[[FIXTURE] Fresh mocks created – test starting
]]></system-out>
  </testcase>
  <testcase name="testCreateStudent[Bob, bob@test.com, 25, SE3020](2)" classname="tests.StudentServiceTest" time="0.0">
    <system-out><![CDATA[[FIXTURE] Verified – test finished
[FIXTURE] Fresh mocks created – test starting
]]></system-out>
  </testcase>
  <testcase name="testCreateStudent[Carol, carol@test.com, 20, SE3030](3)" classname="tests.StudentServiceTest" time="0.0">
    <system-out><![CDATA[[FIXTURE] Verified – test finished
[FIXTURE] Fresh mocks created – test starting
]]></system-out>
  </testcase>
  <testcase name="testGetAllStudents_ReturnsList" classname="tests.StudentServiceTest" time="0.0">
    <system-out><![CDATA[[FIXTURE] Verified – test finished
[FIXTURE] Fresh mocks created – test starting
]]></system-out>
  </testcase>
  <testcase name="testGetStudentById_Found" classname="tests.StudentServiceTest" time="0.0">
    <system-out><![CDATA[[FIXTURE] Verified – test finished
[FIXTURE] Fresh mocks created – test starting
]]></system-out>
  </testcase>
  <testcase name="testGetStudentById_NotFound" classname="tests.StudentServiceTest" time="0.0">
    <system-out><![CDATA[[FIXTURE] Verified – test finished
[FIXTURE] Fresh mocks created – test starting
]]></system-out>
  </testcase>
  <testcase name="runScenario[&quot;Successful student registration&quot;, &quot;Student Registration API&quot;](1)" classname="tests.CucumberRunnerTest" time="0.194">
    <system-out><![CDATA[[FIXTURE] Verified – test finished

Scenario: Successful student registration                                                  # src/test/resources/features/student_registration.feature:7
Hibernate: select s1_0.id,s1_0.age,s1_0.course,s1_0.email,s1_0.name from student s1_0
Hibernate: delete from student where id=?
Hibernate: select s1_0.id,s1_0.age,s1_0.course,s1_0.email,s1_0.name from student s1_0
  Given no students exist in the system                                                    # steps.StudentSteps.no_students_exist()
Hibernate: select s1_0.id,s1_0.age,s1_0.course,s1_0.email,s1_0.name from student s1_0 where s1_0.email=?
Hibernate: insert into student (age,course,email,name,id) values (?,?,?,?,default)
  When I register a student with name "Alice" email "alice@uni.com" age 22 course "SE3010" # steps.StudentSteps.i_register_a_student(java.lang.String,java.lang.String,int,java.lang.String)
  Then the registration response status should be 201                                      # steps.StudentSteps.the_registration_status_should_be(int)
  And the registered student name should be "Alice"                                        # steps.StudentSteps.the_registered_student_name_should_be(java.lang.String)
]]></system-out>
  </testcase>
  <testcase name="runScenario[&quot;Duplicate email returns conflict error&quot;, &quot;Student Registration API&quot;](2)" classname="tests.CucumberRunnerTest" time="0.026">
    <system-out><![CDATA[
Scenario: Duplicate email returns conflict error                                        # src/test/resources/features/student_registration.feature:14
Hibernate: select s1_0.id,s1_0.age,s1_0.course,s1_0.email,s1_0.name from student s1_0
Hibernate: delete from student where id=?
Hibernate: select s1_0.id,s1_0.age,s1_0.course,s1_0.email,s1_0.name from student s1_0
Hibernate: insert into student (age,course,email,name,id) values (?,?,?,?,default)
  Given a student with email "bob@uni.com" already exists                               # steps.StudentSteps.a_student_with_email_already_exists(java.lang.String)
Hibernate: select s1_0.id,s1_0.age,s1_0.course,s1_0.email,s1_0.name from student s1_0 where s1_0.email=?
  When I register a student with name "Bob2" email "bob@uni.com" age 24 course "SE3020" # steps.StudentSteps.i_register_a_student(java.lang.String,java.lang.String,int,java.lang.String)
  Then the registration response status should be 409                                   # steps.StudentSteps.the_registration_status_should_be(int)
]]></system-out>
  </testcase>
  <testcase name="runScenario[&quot;Missing required field returns bad request error&quot;, &quot;Student Registration API&quot;](3)" classname="tests.CucumberRunnerTest" time="0.022">
    <system-out><![CDATA[
Scenario: Missing required field returns bad request error    # src/test/resources/features/student_registration.feature:20
Hibernate: select s1_0.id,s1_0.age,s1_0.course,s1_0.email,s1_0.name from student s1_0
Hibernate: delete from student where id=?
Hibernate: select s1_0.id,s1_0.age,s1_0.course,s1_0.email,s1_0.name from student s1_0
  Given no students exist in the system                       # steps.StudentSteps.no_students_exist()
2026-03-13T19:14:16.978+05:30  WARN 3584 --- [se3010-testing] [           main] .w.s.m.s.DefaultHandlerExceptionResolver : Resolved [org.springframework.http.converter.HttpMessageNotReadableException: JSON parse error: Unexpected character ('b' (code 98)): was expecting double-quote to start field name]
  When I send a registration request with malformed JSON body # steps.StudentSteps.i_send_malformed_json()
  Then the registration response status should be 400         # steps.StudentSteps.the_registration_status_should_be(int)
]]></system-out>
  </testcase>
</testsuite>