<?xml version="1.0" encoding="UTF-8"?>
<!-- Generated by org.testng.reporters.JUnitReportReporter -->
<testsuite hostname="LAPTOP-3LQVGTS7" failures="0" tests="6" name="tests.StudentServiceTest" time="0.327" errors="0" timestamp="2026-03-13T19:14:17 IST" skipped="0">
  <testcase classname="tests.StudentServiceTest" name="testCreateStudent" time="0.092"/>
  <testcase classname="tests.StudentServiceTest" name="testGetAllStudents_ReturnsList" time="0.003"/>
  <testcase classname="tests.StudentServiceTest" name="testCreateStudent" time="0.000"/>
  <testcase classname="tests.StudentServiceTest" name="testCreateStudent" time="0.010"/>
  <testcase classname="tests.StudentServiceTest" name="testGetStudentById_Found" time="0.222"/>
  <testcase classname="tests.StudentServiceTest" name="testGetStudentById_NotFound" time="0.000"/>
</testsuite> <!-- tests.StudentServiceTest -->
