<?xml version="1.0" encoding="UTF-8"?>
<!-- Generated by org.testng.reporters.JUnitReportReporter -->
<testsuite hostname="LAPTOP-3LQVGTS7" failures="0" tests="4" name="tests.StudentControllerTest" time="0.643" errors="0" timestamp="2026-03-13T19:14:17 IST" skipped="0">
  <testcase classname="tests.StudentControllerTest" name="testGetStudent_Returns200" time="0.347"/>
  <testcase classname="tests.StudentControllerTest" name="testGetStudent_NotFound_Returns404" time="0.022"/>
  <testcase classname="tests.StudentControllerTest" name="testCreateStudent_MalformedJson_Returns400" time="0.168"/>
  <testcase classname="tests.StudentControllerTest" name="testCreateStudent_Returns201AndCorrectBody" time="0.106"/>
</testsuite> <!-- tests.StudentControllerTest -->
