<?xml version="1.0" encoding="UTF-8"?>
<!-- Generated by org.testng.reporters.JUnitReportReporter -->
<testsuite hostname="LAPTOP-3LQVGTS7" failures="0" tests="3" name="tests.CucumberRunnerTest" time="0.241" errors="0" timestamp="2026-03-13T19:14:17 IST" skipped="0">
  <testcase classname="tests.CucumberRunnerTest" name="runScenario" time="0.024"/>
  <testcase classname="tests.CucumberRunnerTest" name="runScenario" time="0.194"/>
  <testcase classname="tests.CucumberRunnerTest" name="runScenario" time="0.023"/>
</testsuite> <!-- tests.CucumberRunnerTest -->
